2019-12-19 13:37:16,530 INFO o.a.j.u.JMeterUtils: Setting Locale to en_EN
2019-12-19 13:37:16,591 INFO o.a.j.JMeter: Loading user properties from: user.properties
2019-12-19 13:37:16,599 INFO o.a.j.JMeter: Loading system properties from: system.properties
2019-12-19 13:37:16,601 INFO o.a.j.JMeter: Copyright (c) 1998-2019 The Apache Software Foundation
2019-12-19 13:37:16,601 INFO o.a.j.JMeter: Version 5.2.1
2019-12-19 13:37:16,601 INFO o.a.j.JMeter: java.version=1.8.0_231
2019-12-19 13:37:16,601 INFO o.a.j.JMeter: java.vm.name=Java HotSpot(TM) 64-Bit Server VM
2019-12-19 13:37:16,602 INFO o.a.j.JMeter: os.name=Windows 10
2019-12-19 13:37:16,602 INFO o.a.j.JMeter: os.arch=amd64
2019-12-19 13:37:16,602 INFO o.a.j.JMeter: os.version=10.0
2019-12-19 13:37:16,602 INFO o.a.j.JMeter: file.encoding=Cp1252
2019-12-19 13:37:16,602 INFO o.a.j.JMeter: java.awt.headless=true
2019-12-19 13:37:16,603 INFO o.a.j.JMeter: Max memory     =1073741824
2019-12-19 13:37:16,603 INFO o.a.j.JMeter: Available Processors =4
2019-12-19 13:37:16,642 INFO o.a.j.JMeter: Default Locale=English (EN)
2019-12-19 13:37:16,643 INFO o.a.j.JMeter: JMeter  Locale=English (EN)
2019-12-19 13:37:16,643 INFO o.a.j.JMeter: JMeterHome=E:\sdet_training\JMeter\apache-jmeter-5.2.1
2019-12-19 13:37:16,643 INFO o.a.j.JMeter: user.dir  =E:\sdet_training\JMeter\apache-jmeter-5.2.1\bin
2019-12-19 13:37:16,643 INFO o.a.j.JMeter: PWD       =E:\sdet_training\JMeter\apache-jmeter-5.2.1\bin
2019-12-19 13:37:16,644 INFO o.a.j.JMeter: IP: 192.168.1.127 Name: DESKTOP-RU7VQSE FullName: DESKTOP-RU7VQSE
2019-12-19 13:37:16,682 INFO o.a.j.r.RmiUtils: System property 'java.rmi.server.hostname' is not defined, using localHost address
2019-12-19 13:37:16,682 INFO o.a.j.r.RmiUtils: Local IP address=192.168.1.127
2019-12-19 13:37:16,694 ERROR o.a.j.JMeter: Giving up, as server failed with:
java.rmi.server.ExportException: Listen failed on port: 0; nested exception is: 
	java.io.FileNotFoundException: rmi_keystore.jks (The system cannot find the file specified)
	at sun.rmi.transport.tcp.TCPTransport.listen(Unknown Source) ~[?:1.8.0_231]
	at sun.rmi.transport.tcp.TCPTransport.exportObject(Unknown Source) ~[?:1.8.0_231]
	at sun.rmi.transport.tcp.TCPEndpoint.exportObject(Unknown Source) ~[?:1.8.0_231]
	at sun.rmi.transport.LiveRef.exportObject(Unknown Source) ~[?:1.8.0_231]
	at sun.rmi.server.UnicastServerRef.exportObject(Unknown Source) ~[?:1.8.0_231]
	at java.rmi.server.UnicastRemoteObject.exportObject(Unknown Source) ~[?:1.8.0_231]
	at java.rmi.server.UnicastRemoteObject.exportObject(Unknown Source) ~[?:1.8.0_231]
	at java.rmi.server.UnicastRemoteObject.<init>(Unknown Source) ~[?:1.8.0_231]
	at org.apache.jmeter.engine.RemoteJMeterEngineImpl.<init>(RemoteJMeterEngineImpl.java:67) ~[ApacheJMeter_core.jar:5.2.1]
	at org.apache.jmeter.engine.RemoteJMeterEngineImpl.startServer(RemoteJMeterEngineImpl.java:73) ~[ApacheJMeter_core.jar:5.2.1]
	at org.apache.jmeter.JMeter.start(JMeter.java:522) [ApacheJMeter_core.jar:5.2.1]
	at sun.reflect.NativeMethodAccessorImpl.invoke0(Native Method) ~[?:1.8.0_231]
	at sun.reflect.NativeMethodAccessorImpl.invoke(Unknown Source) ~[?:1.8.0_231]
	at sun.reflect.DelegatingMethodAccessorImpl.invoke(Unknown Source) ~[?:1.8.0_231]
	at java.lang.reflect.Method.invoke(Unknown Source) ~[?:1.8.0_231]
	at org.apache.jmeter.NewDriver.main(NewDriver.java:253) [ApacheJMeter.jar:5.2.1]
Caused by: java.io.FileNotFoundException: rmi_keystore.jks (The system cannot find the file specified)
	at java.io.FileInputStream.open0(Native Method) ~[?:1.8.0_231]
	at java.io.FileInputStream.open(Unknown Source) ~[?:1.8.0_231]
	at java.io.FileInputStream.<init>(Unknown Source) ~[?:1.8.0_231]
	at java.io.FileInputStream.<init>(Unknown Source) ~[?:1.8.0_231]
	at org.apache.jmeter.rmi.SSLRMIServerSocketFactory.loadStore(SSLRMIServerSocketFactory.java:148) ~[ApacheJMeter_core.jar:5.2.1]
	at org.apache.jmeter.rmi.SSLRMIServerSocketFactory.createServerSocket(SSLRMIServerSocketFactory.java:100) ~[ApacheJMeter_core.jar:5.2.1]
	at sun.rmi.transport.tcp.TCPEndpoint.newServerSocket(Unknown Source) ~[?:1.8.0_231]
	... 16 more
2019-12-19 13:37:16,705 ERROR o.a.j.JMeter: An error occurred: 
java.rmi.server.ExportException: Listen failed on port: 0; nested exception is: 
	java.io.FileNotFoundException: rmi_keystore.jks (The system cannot find the file specified)
	at sun.rmi.transport.tcp.TCPTransport.listen(Unknown Source) ~[?:1.8.0_231]
	at sun.rmi.transport.tcp.TCPTransport.exportObject(Unknown Source) ~[?:1.8.0_231]
	at sun.rmi.transport.tcp.TCPEndpoint.exportObject(Unknown Source) ~[?:1.8.0_231]
	at sun.rmi.transport.LiveRef.exportObject(Unknown Source) ~[?:1.8.0_231]
	at sun.rmi.server.UnicastServerRef.exportObject(Unknown Source) ~[?:1.8.0_231]
	at java.rmi.server.UnicastRemoteObject.exportObject(Unknown Source) ~[?:1.8.0_231]
	at java.rmi.server.UnicastRemoteObject.exportObject(Unknown Source) ~[?:1.8.0_231]
	at java.rmi.server.UnicastRemoteObject.<init>(Unknown Source) ~[?:1.8.0_231]
	at org.apache.jmeter.engine.RemoteJMeterEngineImpl.<init>(RemoteJMeterEngineImpl.java:67) ~[ApacheJMeter_core.jar:5.2.1]
	at org.apache.jmeter.engine.RemoteJMeterEngineImpl.startServer(RemoteJMeterEngineImpl.java:73) ~[ApacheJMeter_core.jar:5.2.1]
	at org.apache.jmeter.JMeter.start(JMeter.java:522) [ApacheJMeter_core.jar:5.2.1]
	at sun.reflect.NativeMethodAccessorImpl.invoke0(Native Method) ~[?:1.8.0_231]
	at sun.reflect.NativeMethodAccessorImpl.invoke(Unknown Source) ~[?:1.8.0_231]
	at sun.reflect.DelegatingMethodAccessorImpl.invoke(Unknown Source) ~[?:1.8.0_231]
	at java.lang.reflect.Method.invoke(Unknown Source) ~[?:1.8.0_231]
	at org.apache.jmeter.NewDriver.main(NewDriver.java:253) [ApacheJMeter.jar:5.2.1]
Caused by: java.io.FileNotFoundException: rmi_keystore.jks (The system cannot find the file specified)
	at java.io.FileInputStream.open0(Native Method) ~[?:1.8.0_231]
	at java.io.FileInputStream.open(Unknown Source) ~[?:1.8.0_231]
	at java.io.FileInputStream.<init>(Unknown Source) ~[?:1.8.0_231]
	at java.io.FileInputStream.<init>(Unknown Source) ~[?:1.8.0_231]
	at org.apache.jmeter.rmi.SSLRMIServerSocketFactory.loadStore(SSLRMIServerSocketFactory.java:148) ~[ApacheJMeter_core.jar:5.2.1]
	at org.apache.jmeter.rmi.SSLRMIServerSocketFactory.createServerSocket(SSLRMIServerSocketFactory.java:100) ~[ApacheJMeter_core.jar:5.2.1]
	at sun.rmi.transport.tcp.TCPEndpoint.newServerSocket(Unknown Source) ~[?:1.8.0_231]
	... 16 more
